loadConfig 	"debug" is selected
loadConfig loadConfig func:
loadConfig   path: cfg
loadConfig   filename: sshd_autoban_sample
loadConfig   logtype in file config is "debug"
loadConfig 	"debug" is selected
loadConfig loadConfig func:
loadConfig   path: cfg
loadConfig   filename: sshd_autoban_sample
loadConfig   logtype in file config is "debug"
loadConfig "debug" is selected
loadConfig loadConfig func:
loadConfig   path: cfg
loadConfig   filename: sshd_autoban_sample
loadConfig   logtype in file config is "debug"
loadConfig "debug" is selected
loadConfig loadConfig func:
loadConfig   path: cfg
loadConfig   filename: sshd_autoban_sample
loadConfig   logtype in file config is "debug"
loadConfig "debug" is selected
loadConfig loadConfig func:
loadConfig   path: cfg
loadConfig   filename: sshd_autoban_sample
loadConfig   logtype in file config is "debug"
loadConfig "debug" is selected
loadConfig loadConfig func:
loadConfig   path: cfg
loadConfig   filename: sshd_autoban_sample
loadConfig   logtype in file config is "debug"
find_local_ip Local ip is: 192.168.1.11
loadConfig "debug" is selected
loadConfig loadConfig func:
loadConfig   path: cfg
loadConfig   filename: sshd_autoban_sample
loadConfig   logtype in file config is "debug"
find_local_ip Output: [192.168.1.11 ]
find_local_ip Local ip is: 192.168.1.11
loadConfig "debug" is selected
loadConfig loadConfig func:
loadConfig   path: cfg
loadConfig   filename: sshd_autoban_sample
loadConfig   logtype in file config is "debug"
find_local_ip Output to get local ip: [192.168.1.11 ]
find_local_ip Local ip is: 192.168.1.11
loadConfig "debug" is selected
loadConfig loadConfig func:
loadConfig   path: cfg
loadConfig   filename: sshd_autoban_sample
loadConfig   logtype in file config is "debug"
find_local_ip counter val: 0
find_local_ip Output to get local ip: [192.168.1.11 ]
find_local_ip Local ip is: 192.168.1.11
loadConfig "debug" is selected
loadConfig loadConfig func:
loadConfig   path: cfg
loadConfig   filename: sshd_autoban_sample
loadConfig   logtype in file config is "debug"
find_local_ip counter val: 0
find_local_ip Output to get local ip: [192.168.1.11 ]
find_local_ip Local ip is: 192.168.1.11
loadConfig "debug" is selected
loadConfig loadConfig func:
loadConfig   path: cfg
loadConfig   filename: sshd_autoban_sample
loadConfig   logtype in file config is "debug"
find_local_ip counter val: 0
find_local_ip Output to get local ip: [192.168.1.11 ]
find_local_ip Local ip is: 192.168.1.11
loadConfig "debug" is selected
loadConfig loadConfig func:
loadConfig   path: cfg
loadConfig   filename: sshd_autoban_sample
loadConfig   logtype in file config is "debug"
find_local_ip counter val: 0
find_local_ip Output to get local ip: [192.168.1.11 ]
find_local_ip Local ip is: 192.168.1.11
getting_whitelist_or_blacklist blacklist not found
getting_whitelist_or_blacklist whitelist not found
loadConfig "debug" is selected
loadConfig loadConfig func:
loadConfig   path: cfg
loadConfig   filename: sshd_autoban_sample
loadConfig   logtype in file config is "debug"
find_local_ip counter val: 0
find_local_ip Output to get local ip: [192.168.1.11 ]
find_local_ip Local ip is: 192.168.1.11
getting_whitelist_or_blacklist blacklist not found
getting_whitelist_or_blacklist whitelist not found
loadConfig "debug" is selected
loadConfig loadConfig func:
loadConfig   path: cfg
loadConfig   filename: sshd_autoban_sample
loadConfig   logtype in file config is "debug"
find_local_ip counter val: 0
find_local_ip Output to get local ip: [192.168.1.11 ]
find_local_ip Local ip is: 192.168.1.11
getting_whitelist_or_blacklist blacklist not found
getting_whitelist_or_blacklist whitelist not found
loadConfig "debug" is selected
loadConfig loadConfig func:
loadConfig   path: cfg
loadConfig   filename: sshd_autoban_sample
loadConfig   logtype in file config is "debug"
find_local_ip counter val: 0
find_local_ip Output to get local ip: [192.168.1.11 ]
find_local_ip Local ip is: 192.168.1.11
getting_whitelist_or_blacklist blacklist not found
getting_whitelist_or_blacklist whitelist not found
loadConfig "debug" is selected
loadConfig loadConfig func:
loadConfig   path: cfg
loadConfig   filename: sshd_autoban_sample
loadConfig   logtype in file config is "debug"
find_local_ip counter val: 0
find_local_ip Output to get local ip: [192.168.1.11 ]
find_local_ip Local ip is: 192.168.1.11
getting_whitelist_or_blacklist blacklist not found
getting_whitelist_or_blacklist whitelist not found
loadConfig "debug" is selected
loadConfig loadConfig func:
loadConfig   path: cfg
loadConfig   filename: sshd_autoban_sample
loadConfig   logtype in file config is "debug"
find_local_ip counter val: 0
find_local_ip Output to get local ip: [192.168.1.11 ]
find_local_ip Local ip is: 192.168.1.11
getting_whitelist_or_blacklist blacklist not found
getting_whitelist_or_blacklist whitelist not found
loadConfig "debug" is selected
loadConfig loadConfig func:
loadConfig   path: cfg
loadConfig   filename: sshd_autoban_sample
loadConfig   logtype in file config is "debug"
find_local_ip counter val: 0
find_local_ip Output to get local ip: [192.168.1.11 ]
find_local_ip Local ip is: 192.168.1.11
getting_whitelist_or_blacklist blacklist not found
getting_whitelist_or_blacklist whitelist not found
load_banned_ip "open banned_ip: no such file or directory" don't exist: %!s(MISSING)
loadConfig "debug" is selected
loadConfig loadConfig func:
loadConfig   path: cfg
loadConfig   filename: sshd_autoban_sample
loadConfig   logtype in file config is "debug"
find_local_ip counter val: 0
find_local_ip Output to get local ip: [192.168.1.11 ]
find_local_ip Local ip is: 192.168.1.11
getting_whitelist_or_blacklist blacklist not found
getting_whitelist_or_blacklist whitelist not found
load_banned_ip "banned_ip" don't exist: open banned_ip: no such file or directory
loadConfig "debug" is selected
loadConfig loadConfig func:
loadConfig   path: cfg
loadConfig   filename: sshd_autoban_sample
loadConfig   logtype in file config is "debug"
find_local_ip counter val: 0
find_local_ip Output to get local ip: [192.168.1.11 ]
find_local_ip Local ip is: 192.168.1.11
getting_whitelist_or_blacklist blacklist not found
getting_whitelist_or_blacklist whitelist not found
load_banned_ip "banned_ip" don't exist or it is unable to read it: open banned_ip: no such file or directory
loadConfig "debug" is selected
loadConfig loadConfig func:
loadConfig   path: cfg
loadConfig   filename: sshd_autoban_sample
loadConfig   logtype in file config is "debug"
find_local_ip counter val: 0
find_local_ip Output to get local ip: [192.168.1.11 ]
find_local_ip Local ip is: 192.168.1.11
getting_whitelist_or_blacklist blacklist not found
getting_whitelist_or_blacklist whitelist not found
load_banned_ip "banned_ip" don't exist or it is unable to read it: open banned_ip: no such file or directory
loadConfig "debug" is selected
loadConfig loadConfig func:
loadConfig   path: cfg
loadConfig   filename: sshd_autoban_sample
loadConfig   logtype in file config is "debug"
find_local_ip counter val: 0
find_local_ip Output to get local ip: [192.168.1.11 ]
find_local_ip Local ip is: 192.168.1.11
getting_whitelist_or_blacklist blacklist not found
getting_whitelist_or_blacklist whitelist not found
load_banned_ip "banned_ip" don't exist or it is unable to read it: open banned_ip: no such file or directory
append_to_banned_ip_list New list with blacklisted it: []
get_ip_banned_by_iptables_info You don't have right to execute iptables commands !
get_ip_banned_by_iptables_info exit status 1
loadConfig "debug" is selected
loadConfig loadConfig func:
loadConfig   path: cfg
loadConfig   filename: sshd_autoban_sample
loadConfig   logtype in file config is "debug"
find_local_ip counter val: 0
find_local_ip Output to get local ip: [192.168.1.11 ]
find_local_ip Local ip is: 192.168.1.11
getting_whitelist_or_blacklist blacklist not found
getting_whitelist_or_blacklist whitelist not found
load_banned_ip "banned_ip" don't exist or it is unable to read it: open banned_ip: no such file or directory
append_to_banned_ip_list New list with blacklisted it: []
get_ip_banned_by_iptables_info You don't have right to execute iptables commands !
get_ip_banned_by_iptables_info exit status 1
loadConfig "debug" is selected
loadConfig loadConfig func:
loadConfig   path: cfg
loadConfig   filename: sshd_autoban_sample
loadConfig   logtype in file config is "debug"
find_local_ip counter val: 0
find_local_ip Output to get local ip: [192.168.1.11 ]
find_local_ip Local ip is: 192.168.1.11
getting_whitelist_or_blacklist blacklist not found
getting_whitelist_or_blacklist whitelist not found
load_banned_ip "banned_ip" don't exist or it is unable to read it: open banned_ip: no such file or directory
append_to_banned_ip_list New list with blacklisted it: []
get_ip_banned_by_iptables_info You don't have right to execute iptables commands !
get_ip_banned_by_iptables_info exit status 1
loadConfig "debug" is selected
loadConfig loadConfig func:
loadConfig   path: cfg
loadConfig   filename: sshd_autoban_sample
loadConfig   logtype in file config is "debug"
find_local_ip counter val: 0
find_local_ip Output to get local ip: [192.168.1.11 ]
find_local_ip Local ip is: 192.168.1.11
getting_whitelist_or_blacklist blacklist not found
getting_whitelist_or_blacklist whitelist not found
load_banned_ip "banned_ip" don't exist or it is unable to read it: open banned_ip: no such file or directory
append_to_banned_ip_list New list with blacklisted it: []
get_ip_banned_by_iptables_info Output of "iptables -nL | grep DROP": Chain INPUT (policy DROP)
Chain FORWARD (policy DROP)
get_ip_banned_by_iptables_info IP banned by Iptables: []
remove_ip_already_banned IP will be banned after remove banned IP: []
init_getting_data Using journalctl to get data
loadConfig "debug" is selected
loadConfig loadConfig func:
loadConfig   path: cfg
loadConfig   filename: sshd_autoban_sample
loadConfig   logtype in file config is "debug"
find_local_ip counter val: 0
find_local_ip Output to get local ip: [192.168.1.11 ]
find_local_ip Local ip is: 192.168.1.11
getting_whitelist_or_blacklist blacklist not found
getting_whitelist_or_blacklist whitelist not found
load_banned_ip "banned_ip" don't exist or it is unable to read it: open banned_ip: no such file or directory
append_to_banned_ip_list New list with blacklisted it: []
get_ip_banned_by_iptables_info Output of "iptables -nL | grep DROP": Chain INPUT (policy DROP)
Chain FORWARD (policy DROP)
get_ip_banned_by_iptables_info IP banned by Iptables: []
remove_ip_already_banned IP will be banned after remove banned IP: []
init_getting_data Using journalctl to get data
main ** Starting analysis **
loadConfig "debug" is selected
loadConfig loadConfig func:
loadConfig   path: cfg
loadConfig   filename: sshd_autoban_sample
loadConfig   logtype in file config is "debug"
find_local_ip counter val: 0
find_local_ip Output to get local ip: [192.168.1.11 ]
find_local_ip Local ip is: 192.168.1.11
getting_whitelist_or_blacklist blacklist not found
getting_whitelist_or_blacklist whitelist not found
load_banned_ip "banned_ip" don't exist or it is unable to read it: open banned_ip: no such file or directory
append_to_banned_ip_list New list with blacklisted it: []
get_ip_banned_by_iptables_info Output of "iptables -nL | grep DROP": Chain INPUT (policy DROP)
Chain FORWARD (policy DROP)
get_ip_banned_by_iptables_info IP banned by Iptables: []
remove_ip_already_banned IP will be banned after remove banned IP: []
init_getting_data Using journalctl to get data
main ** Starting analysis **
loadConfig "debug" is selected
loadConfig loadConfig func:
loadConfig   path: cfg
loadConfig   filename: sshd_autoban_sample
loadConfig   logtype in file config is "debug"
find_local_ip counter val: 0
find_local_ip Output to get local ip: [192.168.1.11 ]
find_local_ip Local ip is: 192.168.1.11
getting_whitelist_or_blacklist blacklist not found
getting_whitelist_or_blacklist whitelist not found
load_banned_ip "banned_ip" don't exist or it is unable to read it: open banned_ip: no such file or directory
append_to_banned_ip_list New list with blacklisted it: []
get_ip_banned_by_iptables_info Output of "iptables -nL | grep DROP": Chain INPUT (policy DROP)
Chain FORWARD (policy DROP)
get_ip_banned_by_iptables_info IP banned by Iptables: []
remove_ip_already_banned IP will be banned after remove banned IP: []
init_getting_data Using journalctl to get data
main ** Starting analysis **
loadConfig "debug" is selected
loadConfig loadConfig func:
loadConfig   path: cfg
loadConfig   filename: sshd_autoban_sample
loadConfig   logtype in file config is "debug"
find_local_ip counter val: 0
find_local_ip Output to get local ip: [192.168.1.11 ]
find_local_ip Local ip is: 192.168.1.11
getting_whitelist_or_blacklist blacklist not found
getting_whitelist_or_blacklist whitelist not found
load_banned_ip "banned_ip" don't exist or it is unable to read it: open banned_ip: no such file or directory
append_to_banned_ip_list New list with blacklisted it: []
get_ip_banned_by_iptables_info Output of "iptables -nL | grep DROP": Chain INPUT (policy DROP)
Chain FORWARD (policy DROP)
get_ip_banned_by_iptables_info IP banned by Iptables: []
remove_ip_already_banned IP will be banned after remove banned IP: []
init_getting_data Using journalctl to get data
main ** Starting analysis **
loadConfig "debug" is selected
loadConfig loadConfig func:
loadConfig   path: cfg
loadConfig   filename: sshd_autoban_sample
loadConfig   logtype in file config is "debug"
find_local_ip counter val: 0
find_local_ip Output to get local ip: [192.168.1.11 ]
find_local_ip Local ip is: 192.168.1.11
getting_whitelist_or_blacklist blacklist not found
getting_whitelist_or_blacklist whitelist not found
load_banned_ip "banned_ip" don't exist or it is unable to read it: open banned_ip: no such file or directory
append_to_banned_ip_list New list with blacklisted it: []
get_ip_banned_by_iptables_info Output of "iptables -nL | grep DROP": Chain INPUT (policy DROP)
Chain FORWARD (policy DROP)
get_ip_banned_by_iptables_info IP banned by Iptables: []
remove_ip_already_banned IP will be banned after remove banned IP: []
init_getting_data Using journalctl to get data
main ** Starting analysis **
loadConfig "debug" is selected
loadConfig loadConfig func:
loadConfig   path: cfg
loadConfig   filename: sshd_autoban_sample
loadConfig   logtype in file config is "debug"
find_local_ip counter val: 0
find_local_ip Output to get local ip: [192.168.1.11 ]
find_local_ip Local ip is: 192.168.1.11
getting_whitelist_or_blacklist blacklist not found
getting_whitelist_or_blacklist whitelist not found
load_banned_ip "banned_ip" don't exist or it is unable to read it: open banned_ip: no such file or directory
append_to_banned_ip_list New list with blacklisted it: []
get_ip_banned_by_iptables_info Output of "iptables -nL | grep DROP": Chain INPUT (policy DROP)
Chain FORWARD (policy DROP)
get_ip_banned_by_iptables_info IP banned by Iptables: []
remove_ip_already_banned IP will be banned after remove banned IP: []
init_getting_data Using journalctl to get data
main ** Starting analysis **
